<?xml version="1.0" encoding="UTF-8"?>
<!DOCTYPE html PUBLIC "-//W3C//DTD XHTML 1.0 Strict//EN" "http://www.w3.org/TR/xhtml1/DTD/xhtml1-strict.dtd">
<html xmlns="http://www.w3.org/1999/xhtml">
<head>
    <title>工作台测试报告</title>
    <meta name="generator" content="HTMLTestRunner 0.8.2"/>
    <meta http-equiv="Content-Type" content="text/html; charset=UTF-8"/>
    
<style type="text/css" media="screen">
body        { font-family: verdana, arial, helvetica, sans-serif; font-size: 80%; }
table       { font-size: 100%; }
pre         { }

/* -- heading ---------------------------------------------------------------------- */
h1 {
	font-size: 16pt;
	color: gray;
}
.heading {
    margin-top: 0ex;
    margin-bottom: 1ex;
}

.heading .attribute {
    margin-top: 1ex;
    margin-bottom: 0;
}

.heading .description {
    margin-top: 4ex;
    margin-bottom: 6ex;
}

/* -- css div popup ------------------------------------------------------------------------ */
a.popup_link {
}

a.popup_link:hover {
    color: red;
}

.popup_window {
    display: none;
    position: relative;
    left: 0px;
    top: 0px;
    /*border: solid #627173 1px; */
    padding: 10px;
    background-color: #E6E6D6;
    font-family: "Lucida Console", "Courier New", Courier, monospace;
    text-align: left;
    font-size: 8pt;
    width: 500px;
}

}
/* -- report ------------------------------------------------------------------------ */
#show_detail_line {
    margin-top: 3ex;
    margin-bottom: 1ex;
}
#result_table {
    width: 80%;
    border-collapse: collapse;
    border: 1px solid #777;
}
#header_row {
    font-weight: bold;
    color: white;
    background-color: #777;
}
#result_table td {
    border: 1px solid #777;
    padding: 2px;
}
#total_row  { font-weight: bold; }
.passClass  { background-color: #6c6; }
.failClass  { background-color: #c60; }
.errorClass { background-color: #c00; }
.passCase   { color: #6c6; }
.failCase   { color: #c60; font-weight: bold; }
.errorCase  { color: #c00; font-weight: bold; }
.hiddenRow  { display: none; }
.testcase   { margin-left: 2em; }


/* -- ending ---------------------------------------------------------------------- */
#ending {
}

</style>

</head>
<body>
<script language="javascript" type="text/javascript"><!--
output_list = Array();

/* level - 0:Summary; 1:Failed; 2:All */
function showCase(level) {
    trs = document.getElementsByTagName("tr");
    for (var i = 0; i < trs.length; i++) {
        tr = trs[i];
        id = tr.id;
        if (id.substr(0,2) == 'ft') {
            if (level < 1) {
                tr.className = 'hiddenRow';
            }
            else {
                tr.className = '';
            }
        }
        if (id.substr(0,2) == 'pt') {
            if (level > 1) {
                tr.className = '';
            }
            else {
                tr.className = 'hiddenRow';
            }
        }
    }
}


function showClassDetail(cid, count) {
    var id_list = Array(count);
    var toHide = 1;
    for (var i = 0; i < count; i++) {
        tid0 = 't' + cid.substr(1) + '.' + (i+1);
        tid = 'f' + tid0;
        tr = document.getElementById(tid);
        if (!tr) {
            tid = 'p' + tid0;
            tr = document.getElementById(tid);
        }
        id_list[i] = tid;
        if (tr.className) {
            toHide = 0;
        }
    }
    for (var i = 0; i < count; i++) {
        tid = id_list[i];
        if (toHide) {
            document.getElementById('div_'+tid).style.display = 'none'
            document.getElementById(tid).className = 'hiddenRow';
        }
        else {
            document.getElementById(tid).className = '';
        }
    }
}


function showTestDetail(div_id){
    var details_div = document.getElementById(div_id)
    var displayState = details_div.style.display
    // alert(displayState)
    if (displayState != 'block' ) {
        displayState = 'block'
        details_div.style.display = 'block'
    }
    else {
        details_div.style.display = 'none'
    }
}


function html_escape(s) {
    s = s.replace(/&/g,'&amp;');
    s = s.replace(/</g,'&lt;');
    s = s.replace(/>/g,'&gt;');
    return s;
}

/* obsoleted by detail in <div>
function showOutput(id, name) {
    var w = window.open("", //url
                    name,
                    "resizable,scrollbars,status,width=800,height=450");
    d = w.document;
    d.write("<pre>");
    d.write(html_escape(output_list[id]));
    d.write("\n");
    d.write("<a href='javascript:window.close()'>close</a>\n");
    d.write("</pre>\n");
    d.close();
}
*/
--></script>

<div class='heading'>
<h1>工作台测试报告</h1>
<p class='attribute'><strong>Start Time:</strong> 2021-09-14 14:55:51</p>
<p class='attribute'><strong>Duration:</strong> 0:09:12.483779</p>
<p class='attribute'><strong>Status:</strong> Pass 26 Error 18</p>

<p class='description'>系统管理测试用例执行情况</p>
</div>



<p id='show_detail_line'>Show
<a href='javascript:showCase(0)'>Summary</a>
<a href='javascript:showCase(1)'>Failed</a>
<a href='javascript:showCase(2)'>All</a>
</p>
<table id='result_table'>
<colgroup>
<col align='left' />
<col align='right' />
<col align='right' />
<col align='right' />
<col align='right' />
<col align='right' />
</colgroup>
<tr id='header_row'>
    <td>Test Group/Test case</td>
    <td>Count</td>
    <td>Pass</td>
    <td>Fail</td>
    <td>Error</td>
    <td>View</td>
</tr>

<tr class='errorClass'>
    <td>case.system_management.blacklist_management_case.Blacklistmana: 黑名单管理</td>
    <td>4</td>
    <td>0</td>
    <td>0</td>
    <td>4</td>
    <td><a href="javascript:showClassDetail('c1',4)">Detail</a></td>
</tr>

<tr id='ft1.1' class='none'>
    <td class='errorCase'><div class='testcase'>test01add: 新增黑名单</div></td>
    <td colspan='5' align='center'>

    <!--css div popup start-->
    <a class="popup_link" onfocus='this.blur();' href="javascript:showTestDetail('div_ft1.1')" >
        error</a>

    <div id='div_ft1.1' class="popup_window">
        <div style='text-align: right; color:red;cursor:pointer'>
        <a onfocus='this.blur();' onclick="document.getElementById('div_ft1.1').style.display = 'none' " >
           [x]</a>
        </div>
        <pre>
        
ft1.1: Traceback (most recent call last):
  File "C:\Users\ASUS\Desktop\rongda_digital\eastern_airlines\case\system_management\blacklist_management_case.py", line 27, in test01add
    ele2 = etwait(self.driver, 10, 'xpath', '//*[@id="menuul"]/li[26]/a')
  File "C:\Users\ASUS\Desktop\rongda_digital\eastern_airlines\common\util.py", line 19, in explicit_wait
    fele = WebDriverWait(driver, times).until(EC.visibility_of_element_located((method, value)))
  File "C:\Users\ASUS\Python\Python38\lib\site-packages\selenium\webdriver\support\wait.py", line 80, in until
    raise TimeoutException(message, screen, stacktrace)
selenium.common.exceptions.TimeoutException: Message: 

Traceback (most recent call last):
  File "C:\Users\ASUS\Desktop\rongda_digital\eastern_airlines\case\system_management\blacklist_management_case.py", line 27, in test01add
    ele2 = etwait(self.driver, 10, 'xpath', '//*[@id="menuul"]/li[26]/a')
  File "C:\Users\ASUS\Desktop\rongda_digital\eastern_airlines\common\util.py", line 19, in explicit_wait
    fele = WebDriverWait(driver, times).until(EC.visibility_of_element_located((method, value)))
  File "C:\Users\ASUS\Python\Python38\lib\site-packages\selenium\webdriver\support\wait.py", line 80, in until
    raise TimeoutException(message, screen, stacktrace)
selenium.common.exceptions.TimeoutException: Message: 



        </pre>
    </div>
    <!--css div popup end-->

    </td>
</tr>

<tr id='ft1.2' class='none'>
    <td class='errorCase'><div class='testcase'>test02query: 查询</div></td>
    <td colspan='5' align='center'>

    <!--css div popup start-->
    <a class="popup_link" onfocus='this.blur();' href="javascript:showTestDetail('div_ft1.2')" >
        error</a>

    <div id='div_ft1.2' class="popup_window">
        <div style='text-align: right; color:red;cursor:pointer'>
        <a onfocus='this.blur();' onclick="document.getElementById('div_ft1.2').style.display = 'none' " >
           [x]</a>
        </div>
        <pre>
        
ft1.2: Traceback (most recent call last):
  File "C:\Users\ASUS\Desktop\rongda_digital\eastern_airlines\case\system_management\blacklist_management_case.py", line 73, in test02query
    self.driver.find_element_by_css_selector('select#searchType').click()
  File "C:\Users\ASUS\Python\Python38\lib\site-packages\selenium\webdriver\remote\webdriver.py", line 598, in find_element_by_css_selector
    return self.find_element(by=By.CSS_SELECTOR, value=css_selector)
  File "C:\Users\ASUS\Python\Python38\lib\site-packages\selenium\webdriver\remote\webdriver.py", line 976, in find_element
    return self.execute(Command.FIND_ELEMENT, {
  File "C:\Users\ASUS\Python\Python38\lib\site-packages\selenium\webdriver\remote\webdriver.py", line 321, in execute
    self.error_handler.check_response(response)
  File "C:\Users\ASUS\Python\Python38\lib\site-packages\selenium\webdriver\remote\errorhandler.py", line 242, in check_response
    raise exception_class(message, screen, stacktrace)
selenium.common.exceptions.NoSuchElementException: Message: no such element: Unable to locate element: {"method":"css selector","selector":"select#searchType"}
  (Session info: chrome=93.0.4577.63)

Traceback (most recent call last):
  File "C:\Users\ASUS\Desktop\rongda_digital\eastern_airlines\case\system_management\blacklist_management_case.py", line 73, in test02query
    self.driver.find_element_by_css_selector('select#searchType').click()
  File "C:\Users\ASUS\Python\Python38\lib\site-packages\selenium\webdriver\remote\webdriver.py", line 598, in find_element_by_css_selector
    return self.find_element(by=By.CSS_SELECTOR, value=css_selector)
  File "C:\Users\ASUS\Python\Python38\lib\site-packages\selenium\webdriver\remote\webdriver.py", line 976, in find_element
    return self.execute(Command.FIND_ELEMENT, {
  File "C:\Users\ASUS\Python\Python38\lib\site-packages\selenium\webdriver\remote\webdriver.py", line 321, in execute
    self.error_handler.check_response(response)
  File "C:\Users\ASUS\Python\Python38\lib\site-packages\selenium\webdriver\remote\errorhandler.py", line 242, in check_response
    raise exception_class(message, screen, stacktrace)
selenium.common.exceptions.NoSuchElementException: Message: no such element: Unable to locate element: {"method":"css selector","selector":"select#searchType"}
  (Session info: chrome=93.0.4577.63)



        </pre>
    </div>
    <!--css div popup end-->

    </td>
</tr>

<tr id='ft1.3' class='none'>
    <td class='errorCase'><div class='testcase'>test03edit: 修改黑名单</div></td>
    <td colspan='5' align='center'>

    <!--css div popup start-->
    <a class="popup_link" onfocus='this.blur();' href="javascript:showTestDetail('div_ft1.3')" >
        error</a>

    <div id='div_ft1.3' class="popup_window">
        <div style='text-align: right; color:red;cursor:pointer'>
        <a onfocus='this.blur();' onclick="document.getElementById('div_ft1.3').style.display = 'none' " >
           [x]</a>
        </div>
        <pre>
        
ft1.3: Traceback (most recent call last):
  File "C:\Users\ASUS\Desktop\rongda_digital\eastern_airlines\case\system_management\blacklist_management_case.py", line 91, in test03edit
    self.driver.find_element_by_xpath('//*[@id="addtable"]/tr/td[1]/input').click()
  File "C:\Users\ASUS\Python\Python38\lib\site-packages\selenium\webdriver\remote\webdriver.py", line 394, in find_element_by_xpath
    return self.find_element(by=By.XPATH, value=xpath)
  File "C:\Users\ASUS\Python\Python38\lib\site-packages\selenium\webdriver\remote\webdriver.py", line 976, in find_element
    return self.execute(Command.FIND_ELEMENT, {
  File "C:\Users\ASUS\Python\Python38\lib\site-packages\selenium\webdriver\remote\webdriver.py", line 321, in execute
    self.error_handler.check_response(response)
  File "C:\Users\ASUS\Python\Python38\lib\site-packages\selenium\webdriver\remote\errorhandler.py", line 242, in check_response
    raise exception_class(message, screen, stacktrace)
selenium.common.exceptions.NoSuchElementException: Message: no such element: Unable to locate element: {"method":"xpath","selector":"//*[@id="addtable"]/tr/td[1]/input"}
  (Session info: chrome=93.0.4577.63)

Traceback (most recent call last):
  File "C:\Users\ASUS\Desktop\rongda_digital\eastern_airlines\case\system_management\blacklist_management_case.py", line 91, in test03edit
    self.driver.find_element_by_xpath('//*[@id="addtable"]/tr/td[1]/input').click()
  File "C:\Users\ASUS\Python\Python38\lib\site-packages\selenium\webdriver\remote\webdriver.py", line 394, in find_element_by_xpath
    return self.find_element(by=By.XPATH, value=xpath)
  File "C:\Users\ASUS\Python\Python38\lib\site-packages\selenium\webdriver\remote\webdriver.py", line 976, in find_element
    return self.execute(Command.FIND_ELEMENT, {
  File "C:\Users\ASUS\Python\Python38\lib\site-packages\selenium\webdriver\remote\webdriver.py", line 321, in execute
    self.error_handler.check_response(response)
  File "C:\Users\ASUS\Python\Python38\lib\site-packages\selenium\webdriver\remote\errorhandler.py", line 242, in check_response
    raise exception_class(message, screen, stacktrace)
selenium.common.exceptions.NoSuchElementException: Message: no such element: Unable to locate element: {"method":"xpath","selector":"//*[@id="addtable"]/tr/td[1]/input"}
  (Session info: chrome=93.0.4577.63)



        </pre>
    </div>
    <!--css div popup end-->

    </td>
</tr>

<tr id='ft1.4' class='none'>
    <td class='errorCase'><div class='testcase'>test04del: 删除部门</div></td>
    <td colspan='5' align='center'>

    <!--css div popup start-->
    <a class="popup_link" onfocus='this.blur();' href="javascript:showTestDetail('div_ft1.4')" >
        error</a>

    <div id='div_ft1.4' class="popup_window">
        <div style='text-align: right; color:red;cursor:pointer'>
        <a onfocus='this.blur();' onclick="document.getElementById('div_ft1.4').style.display = 'none' " >
           [x]</a>
        </div>
        <pre>
        
ft1.4: Traceback (most recent call last):
  File "C:\Users\ASUS\Desktop\rongda_digital\eastern_airlines\case\system_management\blacklist_management_case.py", line 112, in test04del
    ele1 = self.driver.find_element_by_css_selector('tbody#addtable')
  File "C:\Users\ASUS\Python\Python38\lib\site-packages\selenium\webdriver\remote\webdriver.py", line 598, in find_element_by_css_selector
    return self.find_element(by=By.CSS_SELECTOR, value=css_selector)
  File "C:\Users\ASUS\Python\Python38\lib\site-packages\selenium\webdriver\remote\webdriver.py", line 976, in find_element
    return self.execute(Command.FIND_ELEMENT, {
  File "C:\Users\ASUS\Python\Python38\lib\site-packages\selenium\webdriver\remote\webdriver.py", line 321, in execute
    self.error_handler.check_response(response)
  File "C:\Users\ASUS\Python\Python38\lib\site-packages\selenium\webdriver\remote\errorhandler.py", line 242, in check_response
    raise exception_class(message, screen, stacktrace)
selenium.common.exceptions.NoSuchElementException: Message: no such element: Unable to locate element: {"method":"css selector","selector":"tbody#addtable"}
  (Session info: chrome=93.0.4577.63)

Traceback (most recent call last):
  File "C:\Users\ASUS\Desktop\rongda_digital\eastern_airlines\case\system_management\blacklist_management_case.py", line 112, in test04del
    ele1 = self.driver.find_element_by_css_selector('tbody#addtable')
  File "C:\Users\ASUS\Python\Python38\lib\site-packages\selenium\webdriver\remote\webdriver.py", line 598, in find_element_by_css_selector
    return self.find_element(by=By.CSS_SELECTOR, value=css_selector)
  File "C:\Users\ASUS\Python\Python38\lib\site-packages\selenium\webdriver\remote\webdriver.py", line 976, in find_element
    return self.execute(Command.FIND_ELEMENT, {
  File "C:\Users\ASUS\Python\Python38\lib\site-packages\selenium\webdriver\remote\webdriver.py", line 321, in execute
    self.error_handler.check_response(response)
  File "C:\Users\ASUS\Python\Python38\lib\site-packages\selenium\webdriver\remote\errorhandler.py", line 242, in check_response
    raise exception_class(message, screen, stacktrace)
selenium.common.exceptions.NoSuchElementException: Message: no such element: Unable to locate element: {"method":"css selector","selector":"tbody#addtable"}
  (Session info: chrome=93.0.4577.63)



        </pre>
    </div>
    <!--css div popup end-->

    </td>
</tr>

<tr class='passClass'>
    <td>case.system_management.departmana_case.Departmana: 部门管理</td>
    <td>4</td>
    <td>4</td>
    <td>0</td>
    <td>0</td>
    <td><a href="javascript:showClassDetail('c2',4)">Detail</a></td>
</tr>

<tr id='pt2.1' class='hiddenRow'>
    <td class='none'><div class='testcase'>test01add: 新增部门</div></td>
    <td colspan='5' align='center'>pass</td>
</tr>

<tr id='pt2.2' class='hiddenRow'>
    <td class='none'><div class='testcase'>test02edit: 修改部门信息</div></td>
    <td colspan='5' align='center'>pass</td>
</tr>

<tr id='pt2.3' class='hiddenRow'>
    <td class='none'><div class='testcase'>test03del: 删除部门</div></td>
    <td colspan='5' align='center'>pass</td>
</tr>

<tr id='pt2.4' class='hiddenRow'>
    <td class='none'><div class='testcase'>test04config: 修改部门功能配置</div></td>
    <td colspan='5' align='center'>pass</td>
</tr>

<tr class='passClass'>
    <td>case.system_management.desensitization_record_case.Desensitization_record: 脱敏记录</td>
    <td>1</td>
    <td>1</td>
    <td>0</td>
    <td>0</td>
    <td><a href="javascript:showClassDetail('c3',1)">Detail</a></td>
</tr>

<tr id='pt3.1' class='hiddenRow'>
    <td class='none'><div class='testcase'>test01desenrcdqur: 脱敏记录查询</div></td>
    <td colspan='5' align='center'>pass</td>
</tr>

<tr class='errorClass'>
    <td>case.system_management.extmana_case.Extmana: 分机管理</td>
    <td>4</td>
    <td>0</td>
    <td>0</td>
    <td>4</td>
    <td><a href="javascript:showClassDetail('c4',4)">Detail</a></td>
</tr>

<tr id='ft4.1' class='none'>
    <td class='errorCase'><div class='testcase'>test01add: 新增分机</div></td>
    <td colspan='5' align='center'>

    <!--css div popup start-->
    <a class="popup_link" onfocus='this.blur();' href="javascript:showTestDetail('div_ft4.1')" >
        error</a>

    <div id='div_ft4.1' class="popup_window">
        <div style='text-align: right; color:red;cursor:pointer'>
        <a onfocus='this.blur();' onclick="document.getElementById('div_ft4.1').style.display = 'none' " >
           [x]</a>
        </div>
        <pre>
        
ft4.1: Traceback (most recent call last):
  File "C:\Users\ASUS\Desktop\rongda_digital\eastern_airlines\case\system_management\extmana_case.py", line 27, in test01add
    ele2 = etwait(self.driver, 10, 'xpath', '//*[@id="menuul"]/li[26]/a')
  File "C:\Users\ASUS\Desktop\rongda_digital\eastern_airlines\common\util.py", line 19, in explicit_wait
    fele = WebDriverWait(driver, times).until(EC.visibility_of_element_located((method, value)))
  File "C:\Users\ASUS\Python\Python38\lib\site-packages\selenium\webdriver\support\wait.py", line 80, in until
    raise TimeoutException(message, screen, stacktrace)
selenium.common.exceptions.TimeoutException: Message: 

Traceback (most recent call last):
  File "C:\Users\ASUS\Desktop\rongda_digital\eastern_airlines\case\system_management\extmana_case.py", line 27, in test01add
    ele2 = etwait(self.driver, 10, 'xpath', '//*[@id="menuul"]/li[26]/a')
  File "C:\Users\ASUS\Desktop\rongda_digital\eastern_airlines\common\util.py", line 19, in explicit_wait
    fele = WebDriverWait(driver, times).until(EC.visibility_of_element_located((method, value)))
  File "C:\Users\ASUS\Python\Python38\lib\site-packages\selenium\webdriver\support\wait.py", line 80, in until
    raise TimeoutException(message, screen, stacktrace)
selenium.common.exceptions.TimeoutException: Message: 



        </pre>
    </div>
    <!--css div popup end-->

    </td>
</tr>

<tr id='ft4.2' class='none'>
    <td class='errorCase'><div class='testcase'>test02query: 查询</div></td>
    <td colspan='5' align='center'>

    <!--css div popup start-->
    <a class="popup_link" onfocus='this.blur();' href="javascript:showTestDetail('div_ft4.2')" >
        error</a>

    <div id='div_ft4.2' class="popup_window">
        <div style='text-align: right; color:red;cursor:pointer'>
        <a onfocus='this.blur();' onclick="document.getElementById('div_ft4.2').style.display = 'none' " >
           [x]</a>
        </div>
        <pre>
        
ft4.2: Traceback (most recent call last):
  File "C:\Users\ASUS\Desktop\rongda_digital\eastern_airlines\case\system_management\extmana_case.py", line 64, in test02query
    self.driver.find_element_by_id('searchIP').send_keys('新增IP编号')
  File "C:\Users\ASUS\Python\Python38\lib\site-packages\selenium\webdriver\remote\webdriver.py", line 360, in find_element_by_id
    return self.find_element(by=By.ID, value=id_)
  File "C:\Users\ASUS\Python\Python38\lib\site-packages\selenium\webdriver\remote\webdriver.py", line 976, in find_element
    return self.execute(Command.FIND_ELEMENT, {
  File "C:\Users\ASUS\Python\Python38\lib\site-packages\selenium\webdriver\remote\webdriver.py", line 321, in execute
    self.error_handler.check_response(response)
  File "C:\Users\ASUS\Python\Python38\lib\site-packages\selenium\webdriver\remote\errorhandler.py", line 242, in check_response
    raise exception_class(message, screen, stacktrace)
selenium.common.exceptions.NoSuchElementException: Message: no such element: Unable to locate element: {"method":"css selector","selector":"[id="searchIP"]"}
  (Session info: chrome=93.0.4577.63)

Traceback (most recent call last):
  File "C:\Users\ASUS\Desktop\rongda_digital\eastern_airlines\case\system_management\extmana_case.py", line 64, in test02query
    self.driver.find_element_by_id('searchIP').send_keys('新增IP编号')
  File "C:\Users\ASUS\Python\Python38\lib\site-packages\selenium\webdriver\remote\webdriver.py", line 360, in find_element_by_id
    return self.find_element(by=By.ID, value=id_)
  File "C:\Users\ASUS\Python\Python38\lib\site-packages\selenium\webdriver\remote\webdriver.py", line 976, in find_element
    return self.execute(Command.FIND_ELEMENT, {
  File "C:\Users\ASUS\Python\Python38\lib\site-packages\selenium\webdriver\remote\webdriver.py", line 321, in execute
    self.error_handler.check_response(response)
  File "C:\Users\ASUS\Python\Python38\lib\site-packages\selenium\webdriver\remote\errorhandler.py", line 242, in check_response
    raise exception_class(message, screen, stacktrace)
selenium.common.exceptions.NoSuchElementException: Message: no such element: Unable to locate element: {"method":"css selector","selector":"[id="searchIP"]"}
  (Session info: chrome=93.0.4577.63)



        </pre>
    </div>
    <!--css div popup end-->

    </td>
</tr>

<tr id='ft4.3' class='none'>
    <td class='errorCase'><div class='testcase'>test03edit: 修改部门信息</div></td>
    <td colspan='5' align='center'>

    <!--css div popup start-->
    <a class="popup_link" onfocus='this.blur();' href="javascript:showTestDetail('div_ft4.3')" >
        error</a>

    <div id='div_ft4.3' class="popup_window">
        <div style='text-align: right; color:red;cursor:pointer'>
        <a onfocus='this.blur();' onclick="document.getElementById('div_ft4.3').style.display = 'none' " >
           [x]</a>
        </div>
        <pre>
        
ft4.3: Traceback (most recent call last):
  File "C:\Users\ASUS\Desktop\rongda_digital\eastern_airlines\case\system_management\extmana_case.py", line 82, in test03edit
    self.driver.find_element_by_xpath('//*[@id="addtable"]/tr/td[1]/input').click()
  File "C:\Users\ASUS\Python\Python38\lib\site-packages\selenium\webdriver\remote\webdriver.py", line 394, in find_element_by_xpath
    return self.find_element(by=By.XPATH, value=xpath)
  File "C:\Users\ASUS\Python\Python38\lib\site-packages\selenium\webdriver\remote\webdriver.py", line 976, in find_element
    return self.execute(Command.FIND_ELEMENT, {
  File "C:\Users\ASUS\Python\Python38\lib\site-packages\selenium\webdriver\remote\webdriver.py", line 321, in execute
    self.error_handler.check_response(response)
  File "C:\Users\ASUS\Python\Python38\lib\site-packages\selenium\webdriver\remote\errorhandler.py", line 242, in check_response
    raise exception_class(message, screen, stacktrace)
selenium.common.exceptions.NoSuchElementException: Message: no such element: Unable to locate element: {"method":"xpath","selector":"//*[@id="addtable"]/tr/td[1]/input"}
  (Session info: chrome=93.0.4577.63)

Traceback (most recent call last):
  File "C:\Users\ASUS\Desktop\rongda_digital\eastern_airlines\case\system_management\extmana_case.py", line 82, in test03edit
    self.driver.find_element_by_xpath('//*[@id="addtable"]/tr/td[1]/input').click()
  File "C:\Users\ASUS\Python\Python38\lib\site-packages\selenium\webdriver\remote\webdriver.py", line 394, in find_element_by_xpath
    return self.find_element(by=By.XPATH, value=xpath)
  File "C:\Users\ASUS\Python\Python38\lib\site-packages\selenium\webdriver\remote\webdriver.py", line 976, in find_element
    return self.execute(Command.FIND_ELEMENT, {
  File "C:\Users\ASUS\Python\Python38\lib\site-packages\selenium\webdriver\remote\webdriver.py", line 321, in execute
    self.error_handler.check_response(response)
  File "C:\Users\ASUS\Python\Python38\lib\site-packages\selenium\webdriver\remote\errorhandler.py", line 242, in check_response
    raise exception_class(message, screen, stacktrace)
selenium.common.exceptions.NoSuchElementException: Message: no such element: Unable to locate element: {"method":"xpath","selector":"//*[@id="addtable"]/tr/td[1]/input"}
  (Session info: chrome=93.0.4577.63)



        </pre>
    </div>
    <!--css div popup end-->

    </td>
</tr>

<tr id='ft4.4' class='none'>
    <td class='errorCase'><div class='testcase'>test04del: 删除分机</div></td>
    <td colspan='5' align='center'>

    <!--css div popup start-->
    <a class="popup_link" onfocus='this.blur();' href="javascript:showTestDetail('div_ft4.4')" >
        error</a>

    <div id='div_ft4.4' class="popup_window">
        <div style='text-align: right; color:red;cursor:pointer'>
        <a onfocus='this.blur();' onclick="document.getElementById('div_ft4.4').style.display = 'none' " >
           [x]</a>
        </div>
        <pre>
        
ft4.4: Traceback (most recent call last):
  File "C:\Users\ASUS\Desktop\rongda_digital\eastern_airlines\case\system_management\extmana_case.py", line 101, in test04del
    self.driver.find_element_by_xpath('//*[@id="addtable"]/tr/td[1]/input').click()
  File "C:\Users\ASUS\Python\Python38\lib\site-packages\selenium\webdriver\remote\webdriver.py", line 394, in find_element_by_xpath
    return self.find_element(by=By.XPATH, value=xpath)
  File "C:\Users\ASUS\Python\Python38\lib\site-packages\selenium\webdriver\remote\webdriver.py", line 976, in find_element
    return self.execute(Command.FIND_ELEMENT, {
  File "C:\Users\ASUS\Python\Python38\lib\site-packages\selenium\webdriver\remote\webdriver.py", line 321, in execute
    self.error_handler.check_response(response)
  File "C:\Users\ASUS\Python\Python38\lib\site-packages\selenium\webdriver\remote\errorhandler.py", line 242, in check_response
    raise exception_class(message, screen, stacktrace)
selenium.common.exceptions.NoSuchElementException: Message: no such element: Unable to locate element: {"method":"xpath","selector":"//*[@id="addtable"]/tr/td[1]/input"}
  (Session info: chrome=93.0.4577.63)

Traceback (most recent call last):
  File "C:\Users\ASUS\Desktop\rongda_digital\eastern_airlines\case\system_management\extmana_case.py", line 101, in test04del
    self.driver.find_element_by_xpath('//*[@id="addtable"]/tr/td[1]/input').click()
  File "C:\Users\ASUS\Python\Python38\lib\site-packages\selenium\webdriver\remote\webdriver.py", line 394, in find_element_by_xpath
    return self.find_element(by=By.XPATH, value=xpath)
  File "C:\Users\ASUS\Python\Python38\lib\site-packages\selenium\webdriver\remote\webdriver.py", line 976, in find_element
    return self.execute(Command.FIND_ELEMENT, {
  File "C:\Users\ASUS\Python\Python38\lib\site-packages\selenium\webdriver\remote\webdriver.py", line 321, in execute
    self.error_handler.check_response(response)
  File "C:\Users\ASUS\Python\Python38\lib\site-packages\selenium\webdriver\remote\errorhandler.py", line 242, in check_response
    raise exception_class(message, screen, stacktrace)
selenium.common.exceptions.NoSuchElementException: Message: no such element: Unable to locate element: {"method":"xpath","selector":"//*[@id="addtable"]/tr/td[1]/input"}
  (Session info: chrome=93.0.4577.63)



        </pre>
    </div>
    <!--css div popup end-->

    </td>
</tr>

<tr class='errorClass'>
    <td>case.system_management.forgpass_case.Forgpass: 忘记密码</td>
    <td>1</td>
    <td>0</td>
    <td>0</td>
    <td>1</td>
    <td><a href="javascript:showClassDetail('c5',1)">Detail</a></td>
</tr>

<tr id='ft5.1' class='none'>
    <td class='errorCase'><div class='testcase'>test01query: 查询</div></td>
    <td colspan='5' align='center'>

    <!--css div popup start-->
    <a class="popup_link" onfocus='this.blur();' href="javascript:showTestDetail('div_ft5.1')" >
        error</a>

    <div id='div_ft5.1' class="popup_window">
        <div style='text-align: right; color:red;cursor:pointer'>
        <a onfocus='this.blur();' onclick="document.getElementById('div_ft5.1').style.display = 'none' " >
           [x]</a>
        </div>
        <pre>
        
ft5.1: Traceback (most recent call last):
  File "C:\Users\ASUS\Desktop\rongda_digital\eastern_airlines\case\system_management\forgpass_case.py", line 27, in test01query
    ele2 = etwait(self.driver, 10, 'xpath', '//*[@id="menuul"]/li[26]/a')
  File "C:\Users\ASUS\Desktop\rongda_digital\eastern_airlines\common\util.py", line 19, in explicit_wait
    fele = WebDriverWait(driver, times).until(EC.visibility_of_element_located((method, value)))
  File "C:\Users\ASUS\Python\Python38\lib\site-packages\selenium\webdriver\support\wait.py", line 80, in until
    raise TimeoutException(message, screen, stacktrace)
selenium.common.exceptions.TimeoutException: Message: 

Traceback (most recent call last):
  File "C:\Users\ASUS\Desktop\rongda_digital\eastern_airlines\case\system_management\forgpass_case.py", line 27, in test01query
    ele2 = etwait(self.driver, 10, 'xpath', '//*[@id="menuul"]/li[26]/a')
  File "C:\Users\ASUS\Desktop\rongda_digital\eastern_airlines\common\util.py", line 19, in explicit_wait
    fele = WebDriverWait(driver, times).until(EC.visibility_of_element_located((method, value)))
  File "C:\Users\ASUS\Python\Python38\lib\site-packages\selenium\webdriver\support\wait.py", line 80, in until
    raise TimeoutException(message, screen, stacktrace)
selenium.common.exceptions.TimeoutException: Message: 



        </pre>
    </div>
    <!--css div popup end-->

    </td>
</tr>

<tr class='errorClass'>
    <td>case.system_management.integrated_configuration_case.Inteconfig: 集成配置</td>
    <td>4</td>
    <td>0</td>
    <td>0</td>
    <td>4</td>
    <td><a href="javascript:showClassDetail('c6',4)">Detail</a></td>
</tr>

<tr id='ft6.1' class='none'>
    <td class='errorCase'><div class='testcase'>test01add: 新增集成配置</div></td>
    <td colspan='5' align='center'>

    <!--css div popup start-->
    <a class="popup_link" onfocus='this.blur();' href="javascript:showTestDetail('div_ft6.1')" >
        error</a>

    <div id='div_ft6.1' class="popup_window">
        <div style='text-align: right; color:red;cursor:pointer'>
        <a onfocus='this.blur();' onclick="document.getElementById('div_ft6.1').style.display = 'none' " >
           [x]</a>
        </div>
        <pre>
        
ft6.1: Traceback (most recent call last):
  File "C:\Users\ASUS\Desktop\rongda_digital\eastern_airlines\case\system_management\integrated_configuration_case.py", line 29, in test01add
    ele2 = etwait(self.driver, 10, 'xpath', '//*[@id="menuul"]/li[26]/a')
  File "C:\Users\ASUS\Desktop\rongda_digital\eastern_airlines\common\util.py", line 19, in explicit_wait
    fele = WebDriverWait(driver, times).until(EC.visibility_of_element_located((method, value)))
  File "C:\Users\ASUS\Python\Python38\lib\site-packages\selenium\webdriver\support\wait.py", line 80, in until
    raise TimeoutException(message, screen, stacktrace)
selenium.common.exceptions.TimeoutException: Message: 

Traceback (most recent call last):
  File "C:\Users\ASUS\Desktop\rongda_digital\eastern_airlines\case\system_management\integrated_configuration_case.py", line 29, in test01add
    ele2 = etwait(self.driver, 10, 'xpath', '//*[@id="menuul"]/li[26]/a')
  File "C:\Users\ASUS\Desktop\rongda_digital\eastern_airlines\common\util.py", line 19, in explicit_wait
    fele = WebDriverWait(driver, times).until(EC.visibility_of_element_located((method, value)))
  File "C:\Users\ASUS\Python\Python38\lib\site-packages\selenium\webdriver\support\wait.py", line 80, in until
    raise TimeoutException(message, screen, stacktrace)
selenium.common.exceptions.TimeoutException: Message: 



        </pre>
    </div>
    <!--css div popup end-->

    </td>
</tr>

<tr id='ft6.2' class='none'>
    <td class='errorCase'><div class='testcase'>test02query: 查询</div></td>
    <td colspan='5' align='center'>

    <!--css div popup start-->
    <a class="popup_link" onfocus='this.blur();' href="javascript:showTestDetail('div_ft6.2')" >
        error</a>

    <div id='div_ft6.2' class="popup_window">
        <div style='text-align: right; color:red;cursor:pointer'>
        <a onfocus='this.blur();' onclick="document.getElementById('div_ft6.2').style.display = 'none' " >
           [x]</a>
        </div>
        <pre>
        
ft6.2: Traceback (most recent call last):
  File "C:\Users\ASUS\Desktop\rongda_digital\eastern_airlines\case\system_management\integrated_configuration_case.py", line 66, in test02query
    self.driver.find_element_by_css_selector('#company').click()
  File "C:\Users\ASUS\Python\Python38\lib\site-packages\selenium\webdriver\remote\webdriver.py", line 598, in find_element_by_css_selector
    return self.find_element(by=By.CSS_SELECTOR, value=css_selector)
  File "C:\Users\ASUS\Python\Python38\lib\site-packages\selenium\webdriver\remote\webdriver.py", line 976, in find_element
    return self.execute(Command.FIND_ELEMENT, {
  File "C:\Users\ASUS\Python\Python38\lib\site-packages\selenium\webdriver\remote\webdriver.py", line 321, in execute
    self.error_handler.check_response(response)
  File "C:\Users\ASUS\Python\Python38\lib\site-packages\selenium\webdriver\remote\errorhandler.py", line 242, in check_response
    raise exception_class(message, screen, stacktrace)
selenium.common.exceptions.NoSuchElementException: Message: no such element: Unable to locate element: {"method":"css selector","selector":"#company"}
  (Session info: chrome=93.0.4577.63)

Traceback (most recent call last):
  File "C:\Users\ASUS\Desktop\rongda_digital\eastern_airlines\case\system_management\integrated_configuration_case.py", line 66, in test02query
    self.driver.find_element_by_css_selector('#company').click()
  File "C:\Users\ASUS\Python\Python38\lib\site-packages\selenium\webdriver\remote\webdriver.py", line 598, in find_element_by_css_selector
    return self.find_element(by=By.CSS_SELECTOR, value=css_selector)
  File "C:\Users\ASUS\Python\Python38\lib\site-packages\selenium\webdriver\remote\webdriver.py", line 976, in find_element
    return self.execute(Command.FIND_ELEMENT, {
  File "C:\Users\ASUS\Python\Python38\lib\site-packages\selenium\webdriver\remote\webdriver.py", line 321, in execute
    self.error_handler.check_response(response)
  File "C:\Users\ASUS\Python\Python38\lib\site-packages\selenium\webdriver\remote\errorhandler.py", line 242, in check_response
    raise exception_class(message, screen, stacktrace)
selenium.common.exceptions.NoSuchElementException: Message: no such element: Unable to locate element: {"method":"css selector","selector":"#company"}
  (Session info: chrome=93.0.4577.63)



        </pre>
    </div>
    <!--css div popup end-->

    </td>
</tr>

<tr id='ft6.3' class='none'>
    <td class='errorCase'><div class='testcase'>test03edit: 修改集成配置信息</div></td>
    <td colspan='5' align='center'>

    <!--css div popup start-->
    <a class="popup_link" onfocus='this.blur();' href="javascript:showTestDetail('div_ft6.3')" >
        error</a>

    <div id='div_ft6.3' class="popup_window">
        <div style='text-align: right; color:red;cursor:pointer'>
        <a onfocus='this.blur();' onclick="document.getElementById('div_ft6.3').style.display = 'none' " >
           [x]</a>
        </div>
        <pre>
        
ft6.3: Traceback (most recent call last):
  File "C:\Users\ASUS\Desktop\rongda_digital\eastern_airlines\case\system_management\integrated_configuration_case.py", line 84, in test03edit
    self.driver.find_element_by_xpath('//*[@id="addtable"]/tr/td[1]/input').click()
  File "C:\Users\ASUS\Python\Python38\lib\site-packages\selenium\webdriver\remote\webdriver.py", line 394, in find_element_by_xpath
    return self.find_element(by=By.XPATH, value=xpath)
  File "C:\Users\ASUS\Python\Python38\lib\site-packages\selenium\webdriver\remote\webdriver.py", line 976, in find_element
    return self.execute(Command.FIND_ELEMENT, {
  File "C:\Users\ASUS\Python\Python38\lib\site-packages\selenium\webdriver\remote\webdriver.py", line 321, in execute
    self.error_handler.check_response(response)
  File "C:\Users\ASUS\Python\Python38\lib\site-packages\selenium\webdriver\remote\errorhandler.py", line 242, in check_response
    raise exception_class(message, screen, stacktrace)
selenium.common.exceptions.NoSuchElementException: Message: no such element: Unable to locate element: {"method":"xpath","selector":"//*[@id="addtable"]/tr/td[1]/input"}
  (Session info: chrome=93.0.4577.63)

Traceback (most recent call last):
  File "C:\Users\ASUS\Desktop\rongda_digital\eastern_airlines\case\system_management\integrated_configuration_case.py", line 84, in test03edit
    self.driver.find_element_by_xpath('//*[@id="addtable"]/tr/td[1]/input').click()
  File "C:\Users\ASUS\Python\Python38\lib\site-packages\selenium\webdriver\remote\webdriver.py", line 394, in find_element_by_xpath
    return self.find_element(by=By.XPATH, value=xpath)
  File "C:\Users\ASUS\Python\Python38\lib\site-packages\selenium\webdriver\remote\webdriver.py", line 976, in find_element
    return self.execute(Command.FIND_ELEMENT, {
  File "C:\Users\ASUS\Python\Python38\lib\site-packages\selenium\webdriver\remote\webdriver.py", line 321, in execute
    self.error_handler.check_response(response)
  File "C:\Users\ASUS\Python\Python38\lib\site-packages\selenium\webdriver\remote\errorhandler.py", line 242, in check_response
    raise exception_class(message, screen, stacktrace)
selenium.common.exceptions.NoSuchElementException: Message: no such element: Unable to locate element: {"method":"xpath","selector":"//*[@id="addtable"]/tr/td[1]/input"}
  (Session info: chrome=93.0.4577.63)



        </pre>
    </div>
    <!--css div popup end-->

    </td>
</tr>

<tr id='ft6.4' class='none'>
    <td class='errorCase'><div class='testcase'>test04del: 删除集成配置信息</div></td>
    <td colspan='5' align='center'>

    <!--css div popup start-->
    <a class="popup_link" onfocus='this.blur();' href="javascript:showTestDetail('div_ft6.4')" >
        error</a>

    <div id='div_ft6.4' class="popup_window">
        <div style='text-align: right; color:red;cursor:pointer'>
        <a onfocus='this.blur();' onclick="document.getElementById('div_ft6.4').style.display = 'none' " >
           [x]</a>
        </div>
        <pre>
        
ft6.4: Traceback (most recent call last):
  File "C:\Users\ASUS\Desktop\rongda_digital\eastern_airlines\case\system_management\integrated_configuration_case.py", line 104, in test04del
    self.driver.find_element_by_xpath('//button[contains(text(),"查询")]').click()
  File "C:\Users\ASUS\Python\Python38\lib\site-packages\selenium\webdriver\remote\webdriver.py", line 394, in find_element_by_xpath
    return self.find_element(by=By.XPATH, value=xpath)
  File "C:\Users\ASUS\Python\Python38\lib\site-packages\selenium\webdriver\remote\webdriver.py", line 976, in find_element
    return self.execute(Command.FIND_ELEMENT, {
  File "C:\Users\ASUS\Python\Python38\lib\site-packages\selenium\webdriver\remote\webdriver.py", line 321, in execute
    self.error_handler.check_response(response)
  File "C:\Users\ASUS\Python\Python38\lib\site-packages\selenium\webdriver\remote\errorhandler.py", line 242, in check_response
    raise exception_class(message, screen, stacktrace)
selenium.common.exceptions.NoSuchElementException: Message: no such element: Unable to locate element: {"method":"xpath","selector":"//button[contains(text(),"查询")]"}
  (Session info: chrome=93.0.4577.63)

Traceback (most recent call last):
  File "C:\Users\ASUS\Desktop\rongda_digital\eastern_airlines\case\system_management\integrated_configuration_case.py", line 104, in test04del
    self.driver.find_element_by_xpath('//button[contains(text(),"查询")]').click()
  File "C:\Users\ASUS\Python\Python38\lib\site-packages\selenium\webdriver\remote\webdriver.py", line 394, in find_element_by_xpath
    return self.find_element(by=By.XPATH, value=xpath)
  File "C:\Users\ASUS\Python\Python38\lib\site-packages\selenium\webdriver\remote\webdriver.py", line 976, in find_element
    return self.execute(Command.FIND_ELEMENT, {
  File "C:\Users\ASUS\Python\Python38\lib\site-packages\selenium\webdriver\remote\webdriver.py", line 321, in execute
    self.error_handler.check_response(response)
  File "C:\Users\ASUS\Python\Python38\lib\site-packages\selenium\webdriver\remote\errorhandler.py", line 242, in check_response
    raise exception_class(message, screen, stacktrace)
selenium.common.exceptions.NoSuchElementException: Message: no such element: Unable to locate element: {"method":"xpath","selector":"//button[contains(text(),"查询")]"}
  (Session info: chrome=93.0.4577.63)



        </pre>
    </div>
    <!--css div popup end-->

    </td>
</tr>

<tr class='passClass'>
    <td>case.system_management.menuconfig_case.Menuconfig: 菜单配置</td>
    <td>4</td>
    <td>4</td>
    <td>0</td>
    <td>0</td>
    <td><a href="javascript:showClassDetail('c7',4)">Detail</a></td>
</tr>

<tr id='pt7.1' class='hiddenRow'>
    <td class='none'><div class='testcase'>test01add: 新增菜单</div></td>
    <td colspan='5' align='center'>pass</td>
</tr>

<tr id='pt7.2' class='hiddenRow'>
    <td class='none'><div class='testcase'>test02edit: 修改菜单</div></td>
    <td colspan='5' align='center'>pass</td>
</tr>

<tr id='pt7.3' class='hiddenRow'>
    <td class='none'><div class='testcase'>test03del: 删除菜单</div></td>
    <td colspan='5' align='center'>pass</td>
</tr>

<tr id='pt7.4' class='hiddenRow'>
    <td class='none'><div class='testcase'>test04contr: 部门控制</div></td>
    <td colspan='5' align='center'>pass</td>
</tr>

<tr class='passClass'>
    <td>case.system_management.operecord_case.Operecord: 操作记录</td>
    <td>3</td>
    <td>3</td>
    <td>0</td>
    <td>0</td>
    <td><a href="javascript:showClassDetail('c8',3)">Detail</a></td>
</tr>

<tr id='pt8.1' class='hiddenRow'>
    <td class='none'><div class='testcase'>test01operlogqur: 操作日志查询</div></td>
    <td colspan='5' align='center'>pass</td>
</tr>

<tr id='pt8.2' class='hiddenRow'>
    <td class='none'><div class='testcase'>test02onliusequr: 在线用户查询</div></td>
    <td colspan='5' align='center'>pass</td>
</tr>

<tr id='pt8.3' class='hiddenRow'>
    <td class='none'><div class='testcase'>test03Login_record_qur: 登入记录查询</div></td>
    <td colspan='5' align='center'>pass</td>
</tr>

<tr class='errorClass'>
    <td>case.system_management.paraconfig_case.Paraconfig: 参数配置</td>
    <td>4</td>
    <td>0</td>
    <td>0</td>
    <td>4</td>
    <td><a href="javascript:showClassDetail('c9',4)">Detail</a></td>
</tr>

<tr id='ft9.1' class='none'>
    <td class='errorCase'><div class='testcase'>test01add: 新增参数</div></td>
    <td colspan='5' align='center'>

    <!--css div popup start-->
    <a class="popup_link" onfocus='this.blur();' href="javascript:showTestDetail('div_ft9.1')" >
        error</a>

    <div id='div_ft9.1' class="popup_window">
        <div style='text-align: right; color:red;cursor:pointer'>
        <a onfocus='this.blur();' onclick="document.getElementById('div_ft9.1').style.display = 'none' " >
           [x]</a>
        </div>
        <pre>
        
ft9.1: Traceback (most recent call last):
  File "C:\Users\ASUS\Desktop\rongda_digital\eastern_airlines\case\system_management\paraconfig_case.py", line 26, in test01add
    ele2 = etwait(self.driver, 10, 'xpath', '//*[@id="menuul"]/li[26]/a')
  File "C:\Users\ASUS\Desktop\rongda_digital\eastern_airlines\common\util.py", line 19, in explicit_wait
    fele = WebDriverWait(driver, times).until(EC.visibility_of_element_located((method, value)))
  File "C:\Users\ASUS\Python\Python38\lib\site-packages\selenium\webdriver\support\wait.py", line 80, in until
    raise TimeoutException(message, screen, stacktrace)
selenium.common.exceptions.TimeoutException: Message: 

Traceback (most recent call last):
  File "C:\Users\ASUS\Desktop\rongda_digital\eastern_airlines\case\system_management\paraconfig_case.py", line 26, in test01add
    ele2 = etwait(self.driver, 10, 'xpath', '//*[@id="menuul"]/li[26]/a')
  File "C:\Users\ASUS\Desktop\rongda_digital\eastern_airlines\common\util.py", line 19, in explicit_wait
    fele = WebDriverWait(driver, times).until(EC.visibility_of_element_located((method, value)))
  File "C:\Users\ASUS\Python\Python38\lib\site-packages\selenium\webdriver\support\wait.py", line 80, in until
    raise TimeoutException(message, screen, stacktrace)
selenium.common.exceptions.TimeoutException: Message: 



        </pre>
    </div>
    <!--css div popup end-->

    </td>
</tr>

<tr id='ft9.2' class='none'>
    <td class='errorCase'><div class='testcase'>test02edit: 修改参数信息</div></td>
    <td colspan='5' align='center'>

    <!--css div popup start-->
    <a class="popup_link" onfocus='this.blur();' href="javascript:showTestDetail('div_ft9.2')" >
        error</a>

    <div id='div_ft9.2' class="popup_window">
        <div style='text-align: right; color:red;cursor:pointer'>
        <a onfocus='this.blur();' onclick="document.getElementById('div_ft9.2').style.display = 'none' " >
           [x]</a>
        </div>
        <pre>
        
ft9.2: Traceback (most recent call last):
  File "C:\Users\ASUS\Desktop\rongda_digital\eastern_airlines\case\system_management\paraconfig_case.py", line 63, in test02edit
    self.driver.find_element_by_xpath('//*[@id="addtable"]/tr[1]/td[1]/input').click()
  File "C:\Users\ASUS\Python\Python38\lib\site-packages\selenium\webdriver\remote\webdriver.py", line 394, in find_element_by_xpath
    return self.find_element(by=By.XPATH, value=xpath)
  File "C:\Users\ASUS\Python\Python38\lib\site-packages\selenium\webdriver\remote\webdriver.py", line 976, in find_element
    return self.execute(Command.FIND_ELEMENT, {
  File "C:\Users\ASUS\Python\Python38\lib\site-packages\selenium\webdriver\remote\webdriver.py", line 321, in execute
    self.error_handler.check_response(response)
  File "C:\Users\ASUS\Python\Python38\lib\site-packages\selenium\webdriver\remote\errorhandler.py", line 242, in check_response
    raise exception_class(message, screen, stacktrace)
selenium.common.exceptions.NoSuchElementException: Message: no such element: Unable to locate element: {"method":"xpath","selector":"//*[@id="addtable"]/tr[1]/td[1]/input"}
  (Session info: chrome=93.0.4577.63)

Traceback (most recent call last):
  File "C:\Users\ASUS\Desktop\rongda_digital\eastern_airlines\case\system_management\paraconfig_case.py", line 63, in test02edit
    self.driver.find_element_by_xpath('//*[@id="addtable"]/tr[1]/td[1]/input').click()
  File "C:\Users\ASUS\Python\Python38\lib\site-packages\selenium\webdriver\remote\webdriver.py", line 394, in find_element_by_xpath
    return self.find_element(by=By.XPATH, value=xpath)
  File "C:\Users\ASUS\Python\Python38\lib\site-packages\selenium\webdriver\remote\webdriver.py", line 976, in find_element
    return self.execute(Command.FIND_ELEMENT, {
  File "C:\Users\ASUS\Python\Python38\lib\site-packages\selenium\webdriver\remote\webdriver.py", line 321, in execute
    self.error_handler.check_response(response)
  File "C:\Users\ASUS\Python\Python38\lib\site-packages\selenium\webdriver\remote\errorhandler.py", line 242, in check_response
    raise exception_class(message, screen, stacktrace)
selenium.common.exceptions.NoSuchElementException: Message: no such element: Unable to locate element: {"method":"xpath","selector":"//*[@id="addtable"]/tr[1]/td[1]/input"}
  (Session info: chrome=93.0.4577.63)



        </pre>
    </div>
    <!--css div popup end-->

    </td>
</tr>

<tr id='ft9.3' class='none'>
    <td class='errorCase'><div class='testcase'>test03del: 删除参数</div></td>
    <td colspan='5' align='center'>

    <!--css div popup start-->
    <a class="popup_link" onfocus='this.blur();' href="javascript:showTestDetail('div_ft9.3')" >
        error</a>

    <div id='div_ft9.3' class="popup_window">
        <div style='text-align: right; color:red;cursor:pointer'>
        <a onfocus='this.blur();' onclick="document.getElementById('div_ft9.3').style.display = 'none' " >
           [x]</a>
        </div>
        <pre>
        
ft9.3: Traceback (most recent call last):
  File "C:\Users\ASUS\Desktop\rongda_digital\eastern_airlines\case\system_management\paraconfig_case.py", line 85, in test03del
    self.driver.find_element_by_xpath('//*[@id="addtable"]/tr[1]/td[1]/input').click()
  File "C:\Users\ASUS\Python\Python38\lib\site-packages\selenium\webdriver\remote\webdriver.py", line 394, in find_element_by_xpath
    return self.find_element(by=By.XPATH, value=xpath)
  File "C:\Users\ASUS\Python\Python38\lib\site-packages\selenium\webdriver\remote\webdriver.py", line 976, in find_element
    return self.execute(Command.FIND_ELEMENT, {
  File "C:\Users\ASUS\Python\Python38\lib\site-packages\selenium\webdriver\remote\webdriver.py", line 321, in execute
    self.error_handler.check_response(response)
  File "C:\Users\ASUS\Python\Python38\lib\site-packages\selenium\webdriver\remote\errorhandler.py", line 242, in check_response
    raise exception_class(message, screen, stacktrace)
selenium.common.exceptions.NoSuchElementException: Message: no such element: Unable to locate element: {"method":"xpath","selector":"//*[@id="addtable"]/tr[1]/td[1]/input"}
  (Session info: chrome=93.0.4577.63)

Traceback (most recent call last):
  File "C:\Users\ASUS\Desktop\rongda_digital\eastern_airlines\case\system_management\paraconfig_case.py", line 85, in test03del
    self.driver.find_element_by_xpath('//*[@id="addtable"]/tr[1]/td[1]/input').click()
  File "C:\Users\ASUS\Python\Python38\lib\site-packages\selenium\webdriver\remote\webdriver.py", line 394, in find_element_by_xpath
    return self.find_element(by=By.XPATH, value=xpath)
  File "C:\Users\ASUS\Python\Python38\lib\site-packages\selenium\webdriver\remote\webdriver.py", line 976, in find_element
    return self.execute(Command.FIND_ELEMENT, {
  File "C:\Users\ASUS\Python\Python38\lib\site-packages\selenium\webdriver\remote\webdriver.py", line 321, in execute
    self.error_handler.check_response(response)
  File "C:\Users\ASUS\Python\Python38\lib\site-packages\selenium\webdriver\remote\errorhandler.py", line 242, in check_response
    raise exception_class(message, screen, stacktrace)
selenium.common.exceptions.NoSuchElementException: Message: no such element: Unable to locate element: {"method":"xpath","selector":"//*[@id="addtable"]/tr[1]/td[1]/input"}
  (Session info: chrome=93.0.4577.63)



        </pre>
    </div>
    <!--css div popup end-->

    </td>
</tr>

<tr id='ft9.4' class='none'>
    <td class='errorCase'><div class='testcase'>test04query: 查询</div></td>
    <td colspan='5' align='center'>

    <!--css div popup start-->
    <a class="popup_link" onfocus='this.blur();' href="javascript:showTestDetail('div_ft9.4')" >
        error</a>

    <div id='div_ft9.4' class="popup_window">
        <div style='text-align: right; color:red;cursor:pointer'>
        <a onfocus='this.blur();' onclick="document.getElementById('div_ft9.4').style.display = 'none' " >
           [x]</a>
        </div>
        <pre>
        
ft9.4: Traceback (most recent call last):
  File "C:\Users\ASUS\Desktop\rongda_digital\eastern_airlines\case\system_management\paraconfig_case.py", line 107, in test04query
    self.driver.find_element_by_xpath('//*[@id="s_type"]').click()
  File "C:\Users\ASUS\Python\Python38\lib\site-packages\selenium\webdriver\remote\webdriver.py", line 394, in find_element_by_xpath
    return self.find_element(by=By.XPATH, value=xpath)
  File "C:\Users\ASUS\Python\Python38\lib\site-packages\selenium\webdriver\remote\webdriver.py", line 976, in find_element
    return self.execute(Command.FIND_ELEMENT, {
  File "C:\Users\ASUS\Python\Python38\lib\site-packages\selenium\webdriver\remote\webdriver.py", line 321, in execute
    self.error_handler.check_response(response)
  File "C:\Users\ASUS\Python\Python38\lib\site-packages\selenium\webdriver\remote\errorhandler.py", line 242, in check_response
    raise exception_class(message, screen, stacktrace)
selenium.common.exceptions.NoSuchElementException: Message: no such element: Unable to locate element: {"method":"xpath","selector":"//*[@id="s_type"]"}
  (Session info: chrome=93.0.4577.63)

Traceback (most recent call last):
  File "C:\Users\ASUS\Desktop\rongda_digital\eastern_airlines\case\system_management\paraconfig_case.py", line 107, in test04query
    self.driver.find_element_by_xpath('//*[@id="s_type"]').click()
  File "C:\Users\ASUS\Python\Python38\lib\site-packages\selenium\webdriver\remote\webdriver.py", line 394, in find_element_by_xpath
    return self.find_element(by=By.XPATH, value=xpath)
  File "C:\Users\ASUS\Python\Python38\lib\site-packages\selenium\webdriver\remote\webdriver.py", line 976, in find_element
    return self.execute(Command.FIND_ELEMENT, {
  File "C:\Users\ASUS\Python\Python38\lib\site-packages\selenium\webdriver\remote\webdriver.py", line 321, in execute
    self.error_handler.check_response(response)
  File "C:\Users\ASUS\Python\Python38\lib\site-packages\selenium\webdriver\remote\errorhandler.py", line 242, in check_response
    raise exception_class(message, screen, stacktrace)
selenium.common.exceptions.NoSuchElementException: Message: no such element: Unable to locate element: {"method":"xpath","selector":"//*[@id="s_type"]"}
  (Session info: chrome=93.0.4577.63)



        </pre>
    </div>
    <!--css div popup end-->

    </td>
</tr>

<tr class='passClass'>
    <td>case.system_management.rolemana_case.Rolemana: 角色管理</td>
    <td>5</td>
    <td>5</td>
    <td>0</td>
    <td>0</td>
    <td><a href="javascript:showClassDetail('c10',5)">Detail</a></td>
</tr>

<tr id='pt10.1' class='hiddenRow'>
    <td class='none'><div class='testcase'>test01add: 新增角色</div></td>
    <td colspan='5' align='center'>pass</td>
</tr>

<tr id='pt10.2' class='hiddenRow'>
    <td class='none'><div class='testcase'>test02edit: 修改角色信息</div></td>
    <td colspan='5' align='center'>pass</td>
</tr>

<tr id='pt10.3' class='hiddenRow'>
    <td class='none'><div class='testcase'>test03mana: 权限管理配置</div></td>
    <td colspan='5' align='center'>pass</td>
</tr>

<tr id='pt10.4' class='hiddenRow'>
    <td class='none'><div class='testcase'>test04data: 数据权限配置</div></td>
    <td colspan='5' align='center'>pass</td>
</tr>

<tr id='pt10.5' class='hiddenRow'>
    <td class='none'><div class='testcase'>test05del: 删除角色</div></td>
    <td colspan='5' align='center'>pass</td>
</tr>

<tr class='passClass'>
    <td>case.system_management.softphone_case.Softphone: 软电话配置</td>
    <td>8</td>
    <td>8</td>
    <td>0</td>
    <td>0</td>
    <td><a href="javascript:showClassDetail('c11',8)">Detail</a></td>
</tr>

<tr id='pt11.1' class='hiddenRow'>
    <td class='none'><div class='testcase'>test01softphadd: 软电话配置新增</div></td>
    <td colspan='5' align='center'>

    <!--css div popup start-->
    <a class="popup_link" onfocus='this.blur();' href="javascript:showTestDetail('div_pt11.1')" >
        pass</a>

    <div id='div_pt11.1' class="popup_window">
        <div style='text-align: right; color:red;cursor:pointer'>
        <a onfocus='this.blur();' onclick="document.getElementById('div_pt11.1').style.display = 'none' " >
           [x]</a>
        </div>
        <pre>
        
pt11.1: 

        </pre>
    </div>
    <!--css div popup end-->

    </td>
</tr>

<tr id='pt11.2' class='hiddenRow'>
    <td class='none'><div class='testcase'>test02softphquery: 软电话配置查询</div></td>
    <td colspan='5' align='center'>pass</td>
</tr>

<tr id='pt11.3' class='hiddenRow'>
    <td class='none'><div class='testcase'>test03softphedit: 修改软电话配置信息</div></td>
    <td colspan='5' align='center'>pass</td>
</tr>

<tr id='pt11.4' class='hiddenRow'>
    <td class='none'><div class='testcase'>test04softphdel: 删除软电话配置信息</div></td>
    <td colspan='5' align='center'>pass</td>
</tr>

<tr id='pt11.5' class='hiddenRow'>
    <td class='none'><div class='testcase'>test05popupadd: 弹屏配置新增</div></td>
    <td colspan='5' align='center'>pass</td>
</tr>

<tr id='pt11.6' class='hiddenRow'>
    <td class='none'><div class='testcase'>test06softphquery: 弹屏配置查询</div></td>
    <td colspan='5' align='center'>pass</td>
</tr>

<tr id='pt11.7' class='hiddenRow'>
    <td class='none'><div class='testcase'>test07softphedit: 修改弹屏配置信息</div></td>
    <td colspan='5' align='center'>pass</td>
</tr>

<tr id='pt11.8' class='hiddenRow'>
    <td class='none'><div class='testcase'>test08softphdel: 删除弹屏配置信息</div></td>
    <td colspan='5' align='center'>pass</td>
</tr>

<tr class='errorClass'>
    <td>unittest.suite._ErrorHolder</td>
    <td>1</td>
    <td>0</td>
    <td>0</td>
    <td>1</td>
    <td><a href="javascript:showClassDetail('c12',1)">Detail</a></td>
</tr>

<tr id='ft12.1' class='none'>
    <td class='errorCase'><div class='testcase'>Staffmana)</div></td>
    <td colspan='5' align='center'>

    <!--css div popup start-->
    <a class="popup_link" onfocus='this.blur();' href="javascript:showTestDetail('div_ft12.1')" >
        error</a>

    <div id='div_ft12.1' class="popup_window">
        <div style='text-align: right; color:red;cursor:pointer'>
        <a onfocus='this.blur();' onclick="document.getElementById('div_ft12.1').style.display = 'none' " >
           [x]</a>
        </div>
        <pre>
        
ft12.1: Traceback (most recent call last):
  File "C:\Users\ASUS\Desktop\rongda_digital\eastern_airlines\case\system_management\staff_management_case.py", line 20, in setUpClass
    self.driver = webdriver.Chrome(options=options)
  File "C:\Users\ASUS\Python\Python38\lib\site-packages\selenium\webdriver\chrome\webdriver.py", line 76, in __init__
    RemoteWebDriver.__init__(
  File "C:\Users\ASUS\Python\Python38\lib\site-packages\selenium\webdriver\remote\webdriver.py", line 157, in __init__
    self.start_session(capabilities, browser_profile)
  File "C:\Users\ASUS\Python\Python38\lib\site-packages\selenium\webdriver\remote\webdriver.py", line 252, in start_session
    response = self.execute(Command.NEW_SESSION, parameters)
  File "C:\Users\ASUS\Python\Python38\lib\site-packages\selenium\webdriver\remote\webdriver.py", line 321, in execute
    self.error_handler.check_response(response)
  File "C:\Users\ASUS\Python\Python38\lib\site-packages\selenium\webdriver\remote\errorhandler.py", line 242, in check_response
    raise exception_class(message, screen, stacktrace)
selenium.common.exceptions.WebDriverException: Message: unknown error: cannot connect to chrome at 127.0.0.1:8000
from chrome not reachable

Traceback (most recent call last):
  File "C:\Users\ASUS\Desktop\rongda_digital\eastern_airlines\case\system_management\staff_management_case.py", line 20, in setUpClass
    self.driver = webdriver.Chrome(options=options)
  File "C:\Users\ASUS\Python\Python38\lib\site-packages\selenium\webdriver\chrome\webdriver.py", line 76, in __init__
    RemoteWebDriver.__init__(
  File "C:\Users\ASUS\Python\Python38\lib\site-packages\selenium\webdriver\remote\webdriver.py", line 157, in __init__
    self.start_session(capabilities, browser_profile)
  File "C:\Users\ASUS\Python\Python38\lib\site-packages\selenium\webdriver\remote\webdriver.py", line 252, in start_session
    response = self.execute(Command.NEW_SESSION, parameters)
  File "C:\Users\ASUS\Python\Python38\lib\site-packages\selenium\webdriver\remote\webdriver.py", line 321, in execute
    self.error_handler.check_response(response)
  File "C:\Users\ASUS\Python\Python38\lib\site-packages\selenium\webdriver\remote\errorhandler.py", line 242, in check_response
    raise exception_class(message, screen, stacktrace)
selenium.common.exceptions.WebDriverException: Message: unknown error: cannot connect to chrome at 127.0.0.1:8000
from chrome not reachable



        </pre>
    </div>
    <!--css div popup end-->

    </td>
</tr>

<tr class='passClass'>
    <td>case.system_management.workfdbk_case.Workfdbk: 工作台反馈</td>
    <td>1</td>
    <td>1</td>
    <td>0</td>
    <td>0</td>
    <td><a href="javascript:showClassDetail('c13',1)">Detail</a></td>
</tr>

<tr id='pt13.1' class='hiddenRow'>
    <td class='none'><div class='testcase'>test01query: 查询</div></td>
    <td colspan='5' align='center'>pass</td>
</tr>

<tr id='total_row'>
    <td>Total</td>
    <td>44</td>
    <td>26</td>
    <td>0</td>
    <td>18</td>
    <td>&nbsp;</td>
</tr>
</table>

<div id='ending'>&nbsp;</div>

</body>
</html>
