<?xml version="1.0" encoding="UTF-8"?>
<!DOCTYPE html PUBLIC "-//W3C//DTD XHTML 1.0 Strict//EN" "http://www.w3.org/TR/xhtml1/DTD/xhtml1-strict.dtd">
<html xmlns="http://www.w3.org/1999/xhtml">
<head>
    <title>东航测试报告</title>
    <meta name="generator" content="HTMLTestRunner 0.8.2"/>
    <meta http-equiv="Content-Type" content="text/html; charset=UTF-8"/>
    
<style type="text/css" media="screen">
body        { font-family: verdana, arial, helvetica, sans-serif; font-size: 80%; }
table       { font-size: 100%; }
pre         { }

/* -- heading ---------------------------------------------------------------------- */
h1 {
	font-size: 16pt;
	color: gray;
}
.heading {
    margin-top: 0ex;
    margin-bottom: 1ex;
}

.heading .attribute {
    margin-top: 1ex;
    margin-bottom: 0;
}

.heading .description {
    margin-top: 4ex;
    margin-bottom: 6ex;
}

/* -- css div popup ------------------------------------------------------------------------ */
a.popup_link {
}

a.popup_link:hover {
    color: red;
}

.popup_window {
    display: none;
    position: relative;
    left: 0px;
    top: 0px;
    /*border: solid #627173 1px; */
    padding: 10px;
    background-color: #E6E6D6;
    font-family: "Lucida Console", "Courier New", Courier, monospace;
    text-align: left;
    font-size: 8pt;
    width: 500px;
}

}
/* -- report ------------------------------------------------------------------------ */
#show_detail_line {
    margin-top: 3ex;
    margin-bottom: 1ex;
}
#result_table {
    width: 80%;
    border-collapse: collapse;
    border: 1px solid #777;
}
#header_row {
    font-weight: bold;
    color: white;
    background-color: #777;
}
#result_table td {
    border: 1px solid #777;
    padding: 2px;
}
#total_row  { font-weight: bold; }
.passClass  { background-color: #6c6; }
.failClass  { background-color: #c60; }
.errorClass { background-color: #c00; }
.passCase   { color: #6c6; }
.failCase   { color: #c60; font-weight: bold; }
.errorCase  { color: #c00; font-weight: bold; }
.hiddenRow  { display: none; }
.testcase   { margin-left: 2em; }


/* -- ending ---------------------------------------------------------------------- */
#ending {
}

</style>

</head>
<body>
<script language="javascript" type="text/javascript"><!--
output_list = Array();

/* level - 0:Summary; 1:Failed; 2:All */
function showCase(level) {
    trs = document.getElementsByTagName("tr");
    for (var i = 0; i < trs.length; i++) {
        tr = trs[i];
        id = tr.id;
        if (id.substr(0,2) == 'ft') {
            if (level < 1) {
                tr.className = 'hiddenRow';
            }
            else {
                tr.className = '';
            }
        }
        if (id.substr(0,2) == 'pt') {
            if (level > 1) {
                tr.className = '';
            }
            else {
                tr.className = 'hiddenRow';
            }
        }
    }
}


function showClassDetail(cid, count) {
    var id_list = Array(count);
    var toHide = 1;
    for (var i = 0; i < count; i++) {
        tid0 = 't' + cid.substr(1) + '.' + (i+1);
        tid = 'f' + tid0;
        tr = document.getElementById(tid);
        if (!tr) {
            tid = 'p' + tid0;
            tr = document.getElementById(tid);
        }
        id_list[i] = tid;
        if (tr.className) {
            toHide = 0;
        }
    }
    for (var i = 0; i < count; i++) {
        tid = id_list[i];
        if (toHide) {
            document.getElementById('div_'+tid).style.display = 'none'
            document.getElementById(tid).className = 'hiddenRow';
        }
        else {
            document.getElementById(tid).className = '';
        }
    }
}


function showTestDetail(div_id){
    var details_div = document.getElementById(div_id)
    var displayState = details_div.style.display
    // alert(displayState)
    if (displayState != 'block' ) {
        displayState = 'block'
        details_div.style.display = 'block'
    }
    else {
        details_div.style.display = 'none'
    }
}


function html_escape(s) {
    s = s.replace(/&/g,'&amp;');
    s = s.replace(/</g,'&lt;');
    s = s.replace(/>/g,'&gt;');
    return s;
}

/* obsoleted by detail in <div>
function showOutput(id, name) {
    var w = window.open("", //url
                    name,
                    "resizable,scrollbars,status,width=800,height=450");
    d = w.document;
    d.write("<pre>");
    d.write(html_escape(output_list[id]));
    d.write("\n");
    d.write("<a href='javascript:window.close()'>close</a>\n");
    d.write("</pre>\n");
    d.close();
}
*/
--></script>

<div class='heading'>
<h1>东航测试报告</h1>
<p class='attribute'><strong>Start Time:</strong> 2021-09-06 16:20:53</p>
<p class='attribute'><strong>Duration:</strong> 0:01:50.948425</p>
<p class='attribute'><strong>Status:</strong> Pass 3 Failure 1 Error 6</p>

<p class='description'>测试用例执行情况</p>
</div>



<p id='show_detail_line'>Show
<a href='javascript:showCase(0)'>Summary</a>
<a href='javascript:showCase(1)'>Failed</a>
<a href='javascript:showCase(2)'>All</a>
</p>
<table id='result_table'>
<colgroup>
<col align='left' />
<col align='right' />
<col align='right' />
<col align='right' />
<col align='right' />
<col align='right' />
</colgroup>
<tr id='header_row'>
    <td>Test Group/Test case</td>
    <td>Count</td>
    <td>Pass</td>
    <td>Fail</td>
    <td>Error</td>
    <td>View</td>
</tr>

<tr class='failClass'>
    <td>case.Home_Announcement.announcement_management_case.AnnouncementManagement: 首页公告</td>
    <td>4</td>
    <td>3</td>
    <td>1</td>
    <td>0</td>
    <td><a href="javascript:showClassDetail('c1',4)">Detail</a></td>
</tr>

<tr id='pt1.1' class='hiddenRow'>
    <td class='none'><div class='testcase'>test01add: 公告管理</div></td>
    <td colspan='5' align='center'>pass</td>
</tr>

<tr id='pt1.2' class='hiddenRow'>
    <td class='none'><div class='testcase'>test02query</div></td>
    <td colspan='5' align='center'>pass</td>
</tr>

<tr id='pt1.3' class='hiddenRow'>
    <td class='none'><div class='testcase'>test03edit</div></td>
    <td colspan='5' align='center'>pass</td>
</tr>

<tr id='ft1.4' class='none'>
    <td class='failCase'><div class='testcase'>test04delete</div></td>
    <td colspan='5' align='center'>

    <!--css div popup start-->
    <a class="popup_link" onfocus='this.blur();' href="javascript:showTestDetail('div_ft1.4')" >
        fail</a>

    <div id='div_ft1.4' class="popup_window">
        <div style='text-align: right; color:red;cursor:pointer'>
        <a onfocus='this.blur();' onclick="document.getElementById('div_ft1.4').style.display = 'none' " >
           [x]</a>
        </div>
        <pre>
        
ft1.4: Traceback (most recent call last):
  File "C:\Users\ASUS\Desktop\rongda_digital\eastern_airlines\case\Home_Announcement\announcement_management_case.py", line 113, in test04delete
    self.assertEqual(text1, '删除成功')
AssertionError: '暂无数据' != '删除成功'
- 暂无数据
+ 删除成功

Traceback (most recent call last):
  File "C:\Users\ASUS\Desktop\rongda_digital\eastern_airlines\case\Home_Announcement\announcement_management_case.py", line 113, in test04delete
    self.assertEqual(text1, '删除成功')
AssertionError: '暂无数据' != '删除成功'
- 暂无数据
+ 删除成功



        </pre>
    </div>
    <!--css div popup end-->

    </td>
</tr>

<tr class='errorClass'>
    <td>case.Home_Announcement.announcement_type_configuration_case.AnnouncementTypeConfig: 首页公告</td>
    <td>4</td>
    <td>0</td>
    <td>0</td>
    <td>4</td>
    <td><a href="javascript:showClassDetail('c2',4)">Detail</a></td>
</tr>

<tr id='ft2.1' class='none'>
    <td class='errorCase'><div class='testcase'>test01add: 公告类型配置</div></td>
    <td colspan='5' align='center'>

    <!--css div popup start-->
    <a class="popup_link" onfocus='this.blur();' href="javascript:showTestDetail('div_ft2.1')" >
        error</a>

    <div id='div_ft2.1' class="popup_window">
        <div style='text-align: right; color:red;cursor:pointer'>
        <a onfocus='this.blur();' onclick="document.getElementById('div_ft2.1').style.display = 'none' " >
           [x]</a>
        </div>
        <pre>
        
ft2.1: Traceback (most recent call last):
  File "C:\Users\ASUS\Desktop\rongda_digital\eastern_airlines\case\Home_Announcement\announcement_type_configuration_case.py", line 31, in test01add
    etwait(self.driver, 10, 'xpath', '//*[@id="首页公告"]/li[3]/a').click()
  File "C:\Users\ASUS\Desktop\rongda_digital\eastern_airlines\util.py", line 18, in explicit_wait
    fele = WebDriverWait(driver, times).until(EC.visibility_of_element_located((method, value)))
  File "C:\Users\ASUS\Python\Python38\lib\site-packages\selenium\webdriver\support\wait.py", line 71, in until
    value = method(self._driver)
  File "C:\Users\ASUS\Python\Python38\lib\site-packages\selenium\webdriver\support\expected_conditions.py", line 78, in __call__
    return _element_if_visible(_find_element(driver, self.locator))
  File "C:\Users\ASUS\Python\Python38\lib\site-packages\selenium\webdriver\support\expected_conditions.py", line 311, in _find_element
    raise e
  File "C:\Users\ASUS\Python\Python38\lib\site-packages\selenium\webdriver\support\expected_conditions.py", line 307, in _find_element
    return driver.find_element(*by)
  File "C:\Users\ASUS\Python\Python38\lib\site-packages\selenium\webdriver\remote\webdriver.py", line 750, in find_element
    return self.execute(Command.FIND_ELEMENT, {
  File "C:\Users\ASUS\Python\Python38\lib\site-packages\selenium\webdriver\remote\webdriver.py", line 236, in execute
    self.error_handler.check_response(response)
  File "C:\Users\ASUS\Python\Python38\lib\site-packages\selenium\webdriver\remote\errorhandler.py", line 192, in check_response
    raise exception_class(message, screen, stacktrace)
selenium.common.exceptions.WebDriverException: Message: chrome not reachable
  (Session info: chrome=92.0.4515.159)
  (Driver info: chromedriver=92.0.4515.43 (8c61b7e2989f2990d42f859cac71319137787cce-refs/branch-heads/4515@{#306}),platform=Windows NT 10.0.18363 x86_64)

Traceback (most recent call last):
  File "C:\Users\ASUS\Desktop\rongda_digital\eastern_airlines\case\Home_Announcement\announcement_type_configuration_case.py", line 31, in test01add
    etwait(self.driver, 10, 'xpath', '//*[@id="首页公告"]/li[3]/a').click()
  File "C:\Users\ASUS\Desktop\rongda_digital\eastern_airlines\util.py", line 18, in explicit_wait
    fele = WebDriverWait(driver, times).until(EC.visibility_of_element_located((method, value)))
  File "C:\Users\ASUS\Python\Python38\lib\site-packages\selenium\webdriver\support\wait.py", line 71, in until
    value = method(self._driver)
  File "C:\Users\ASUS\Python\Python38\lib\site-packages\selenium\webdriver\support\expected_conditions.py", line 78, in __call__
    return _element_if_visible(_find_element(driver, self.locator))
  File "C:\Users\ASUS\Python\Python38\lib\site-packages\selenium\webdriver\support\expected_conditions.py", line 311, in _find_element
    raise e
  File "C:\Users\ASUS\Python\Python38\lib\site-packages\selenium\webdriver\support\expected_conditions.py", line 307, in _find_element
    return driver.find_element(*by)
  File "C:\Users\ASUS\Python\Python38\lib\site-packages\selenium\webdriver\remote\webdriver.py", line 750, in find_element
    return self.execute(Command.FIND_ELEMENT, {
  File "C:\Users\ASUS\Python\Python38\lib\site-packages\selenium\webdriver\remote\webdriver.py", line 236, in execute
    self.error_handler.check_response(response)
  File "C:\Users\ASUS\Python\Python38\lib\site-packages\selenium\webdriver\remote\errorhandler.py", line 192, in check_response
    raise exception_class(message, screen, stacktrace)
selenium.common.exceptions.WebDriverException: Message: chrome not reachable
  (Session info: chrome=92.0.4515.159)
  (Driver info: chromedriver=92.0.4515.43 (8c61b7e2989f2990d42f859cac71319137787cce-refs/branch-heads/4515@{#306}),platform=Windows NT 10.0.18363 x86_64)



        </pre>
    </div>
    <!--css div popup end-->

    </td>
</tr>

<tr id='ft2.2' class='none'>
    <td class='errorCase'><div class='testcase'>test02query</div></td>
    <td colspan='5' align='center'>

    <!--css div popup start-->
    <a class="popup_link" onfocus='this.blur();' href="javascript:showTestDetail('div_ft2.2')" >
        error</a>

    <div id='div_ft2.2' class="popup_window">
        <div style='text-align: right; color:red;cursor:pointer'>
        <a onfocus='this.blur();' onclick="document.getElementById('div_ft2.2').style.display = 'none' " >
           [x]</a>
        </div>
        <pre>
        
ft2.2: Traceback (most recent call last):
  File "C:\Users\ASUS\Desktop\rongda_digital\eastern_airlines\case\Home_Announcement\announcement_type_configuration_case.py", line 55, in test02query
    self.driver.find_element_by_xpath('//*[@id="company"]').click()
  File "C:\Users\ASUS\Python\Python38\lib\site-packages\selenium\webdriver\remote\webdriver.py", line 293, in find_element_by_xpath
    return self.find_element(by=By.XPATH, value=xpath)
  File "C:\Users\ASUS\Python\Python38\lib\site-packages\selenium\webdriver\remote\webdriver.py", line 750, in find_element
    return self.execute(Command.FIND_ELEMENT, {
  File "C:\Users\ASUS\Python\Python38\lib\site-packages\selenium\webdriver\remote\webdriver.py", line 236, in execute
    self.error_handler.check_response(response)
  File "C:\Users\ASUS\Python\Python38\lib\site-packages\selenium\webdriver\remote\errorhandler.py", line 192, in check_response
    raise exception_class(message, screen, stacktrace)
selenium.common.exceptions.WebDriverException: Message: chrome not reachable
  (Session info: chrome=92.0.4515.159)
  (Driver info: chromedriver=92.0.4515.43 (8c61b7e2989f2990d42f859cac71319137787cce-refs/branch-heads/4515@{#306}),platform=Windows NT 10.0.18363 x86_64)

Traceback (most recent call last):
  File "C:\Users\ASUS\Desktop\rongda_digital\eastern_airlines\case\Home_Announcement\announcement_type_configuration_case.py", line 55, in test02query
    self.driver.find_element_by_xpath('//*[@id="company"]').click()
  File "C:\Users\ASUS\Python\Python38\lib\site-packages\selenium\webdriver\remote\webdriver.py", line 293, in find_element_by_xpath
    return self.find_element(by=By.XPATH, value=xpath)
  File "C:\Users\ASUS\Python\Python38\lib\site-packages\selenium\webdriver\remote\webdriver.py", line 750, in find_element
    return self.execute(Command.FIND_ELEMENT, {
  File "C:\Users\ASUS\Python\Python38\lib\site-packages\selenium\webdriver\remote\webdriver.py", line 236, in execute
    self.error_handler.check_response(response)
  File "C:\Users\ASUS\Python\Python38\lib\site-packages\selenium\webdriver\remote\errorhandler.py", line 192, in check_response
    raise exception_class(message, screen, stacktrace)
selenium.common.exceptions.WebDriverException: Message: chrome not reachable
  (Session info: chrome=92.0.4515.159)
  (Driver info: chromedriver=92.0.4515.43 (8c61b7e2989f2990d42f859cac71319137787cce-refs/branch-heads/4515@{#306}),platform=Windows NT 10.0.18363 x86_64)



        </pre>
    </div>
    <!--css div popup end-->

    </td>
</tr>

<tr id='ft2.3' class='none'>
    <td class='errorCase'><div class='testcase'>test03edit</div></td>
    <td colspan='5' align='center'>

    <!--css div popup start-->
    <a class="popup_link" onfocus='this.blur();' href="javascript:showTestDetail('div_ft2.3')" >
        error</a>

    <div id='div_ft2.3' class="popup_window">
        <div style='text-align: right; color:red;cursor:pointer'>
        <a onfocus='this.blur();' onclick="document.getElementById('div_ft2.3').style.display = 'none' " >
           [x]</a>
        </div>
        <pre>
        
ft2.3: Traceback (most recent call last):
  File "C:\Users\ASUS\Desktop\rongda_digital\eastern_airlines\case\Home_Announcement\announcement_type_configuration_case.py", line 83, in test03edit
    self.driver.find_element_by_xpath('//*[@id="addtable"]/tr[1]/td[1]/input').click()
  File "C:\Users\ASUS\Python\Python38\lib\site-packages\selenium\webdriver\remote\webdriver.py", line 293, in find_element_by_xpath
    return self.find_element(by=By.XPATH, value=xpath)
  File "C:\Users\ASUS\Python\Python38\lib\site-packages\selenium\webdriver\remote\webdriver.py", line 750, in find_element
    return self.execute(Command.FIND_ELEMENT, {
  File "C:\Users\ASUS\Python\Python38\lib\site-packages\selenium\webdriver\remote\webdriver.py", line 236, in execute
    self.error_handler.check_response(response)
  File "C:\Users\ASUS\Python\Python38\lib\site-packages\selenium\webdriver\remote\errorhandler.py", line 192, in check_response
    raise exception_class(message, screen, stacktrace)
selenium.common.exceptions.WebDriverException: Message: chrome not reachable
  (Session info: chrome=92.0.4515.159)
  (Driver info: chromedriver=92.0.4515.43 (8c61b7e2989f2990d42f859cac71319137787cce-refs/branch-heads/4515@{#306}),platform=Windows NT 10.0.18363 x86_64)

Traceback (most recent call last):
  File "C:\Users\ASUS\Desktop\rongda_digital\eastern_airlines\case\Home_Announcement\announcement_type_configuration_case.py", line 83, in test03edit
    self.driver.find_element_by_xpath('//*[@id="addtable"]/tr[1]/td[1]/input').click()
  File "C:\Users\ASUS\Python\Python38\lib\site-packages\selenium\webdriver\remote\webdriver.py", line 293, in find_element_by_xpath
    return self.find_element(by=By.XPATH, value=xpath)
  File "C:\Users\ASUS\Python\Python38\lib\site-packages\selenium\webdriver\remote\webdriver.py", line 750, in find_element
    return self.execute(Command.FIND_ELEMENT, {
  File "C:\Users\ASUS\Python\Python38\lib\site-packages\selenium\webdriver\remote\webdriver.py", line 236, in execute
    self.error_handler.check_response(response)
  File "C:\Users\ASUS\Python\Python38\lib\site-packages\selenium\webdriver\remote\errorhandler.py", line 192, in check_response
    raise exception_class(message, screen, stacktrace)
selenium.common.exceptions.WebDriverException: Message: chrome not reachable
  (Session info: chrome=92.0.4515.159)
  (Driver info: chromedriver=92.0.4515.43 (8c61b7e2989f2990d42f859cac71319137787cce-refs/branch-heads/4515@{#306}),platform=Windows NT 10.0.18363 x86_64)



        </pre>
    </div>
    <!--css div popup end-->

    </td>
</tr>

<tr id='ft2.4' class='none'>
    <td class='errorCase'><div class='testcase'>test04delete</div></td>
    <td colspan='5' align='center'>

    <!--css div popup start-->
    <a class="popup_link" onfocus='this.blur();' href="javascript:showTestDetail('div_ft2.4')" >
        error</a>

    <div id='div_ft2.4' class="popup_window">
        <div style='text-align: right; color:red;cursor:pointer'>
        <a onfocus='this.blur();' onclick="document.getElementById('div_ft2.4').style.display = 'none' " >
           [x]</a>
        </div>
        <pre>
        
ft2.4: Traceback (most recent call last):
  File "C:\Users\ASUS\Desktop\rongda_digital\eastern_airlines\case\Home_Announcement\announcement_type_configuration_case.py", line 100, in test04delete
    self.driver.find_element_by_xpath('//*[@id="addtable"]/tr[1]/td[1]/input').click()
  File "C:\Users\ASUS\Python\Python38\lib\site-packages\selenium\webdriver\remote\webdriver.py", line 293, in find_element_by_xpath
    return self.find_element(by=By.XPATH, value=xpath)
  File "C:\Users\ASUS\Python\Python38\lib\site-packages\selenium\webdriver\remote\webdriver.py", line 750, in find_element
    return self.execute(Command.FIND_ELEMENT, {
  File "C:\Users\ASUS\Python\Python38\lib\site-packages\selenium\webdriver\remote\webdriver.py", line 236, in execute
    self.error_handler.check_response(response)
  File "C:\Users\ASUS\Python\Python38\lib\site-packages\selenium\webdriver\remote\errorhandler.py", line 192, in check_response
    raise exception_class(message, screen, stacktrace)
selenium.common.exceptions.WebDriverException: Message: chrome not reachable
  (Session info: chrome=92.0.4515.159)
  (Driver info: chromedriver=92.0.4515.43 (8c61b7e2989f2990d42f859cac71319137787cce-refs/branch-heads/4515@{#306}),platform=Windows NT 10.0.18363 x86_64)

Traceback (most recent call last):
  File "C:\Users\ASUS\Desktop\rongda_digital\eastern_airlines\case\Home_Announcement\announcement_type_configuration_case.py", line 100, in test04delete
    self.driver.find_element_by_xpath('//*[@id="addtable"]/tr[1]/td[1]/input').click()
  File "C:\Users\ASUS\Python\Python38\lib\site-packages\selenium\webdriver\remote\webdriver.py", line 293, in find_element_by_xpath
    return self.find_element(by=By.XPATH, value=xpath)
  File "C:\Users\ASUS\Python\Python38\lib\site-packages\selenium\webdriver\remote\webdriver.py", line 750, in find_element
    return self.execute(Command.FIND_ELEMENT, {
  File "C:\Users\ASUS\Python\Python38\lib\site-packages\selenium\webdriver\remote\webdriver.py", line 236, in execute
    self.error_handler.check_response(response)
  File "C:\Users\ASUS\Python\Python38\lib\site-packages\selenium\webdriver\remote\errorhandler.py", line 192, in check_response
    raise exception_class(message, screen, stacktrace)
selenium.common.exceptions.WebDriverException: Message: chrome not reachable
  (Session info: chrome=92.0.4515.159)
  (Driver info: chromedriver=92.0.4515.43 (8c61b7e2989f2990d42f859cac71319137787cce-refs/branch-heads/4515@{#306}),platform=Windows NT 10.0.18363 x86_64)



        </pre>
    </div>
    <!--css div popup end-->

    </td>
</tr>

<tr class='errorClass'>
    <td>case.Home_Announcement.my_announcement_case.MyAnnouncement: 首页公告</td>
    <td>1</td>
    <td>0</td>
    <td>0</td>
    <td>1</td>
    <td><a href="javascript:showClassDetail('c3',1)">Detail</a></td>
</tr>

<tr id='ft3.1' class='none'>
    <td class='errorCase'><div class='testcase'>test01query: 我发布的公告</div></td>
    <td colspan='5' align='center'>

    <!--css div popup start-->
    <a class="popup_link" onfocus='this.blur();' href="javascript:showTestDetail('div_ft3.1')" >
        error</a>

    <div id='div_ft3.1' class="popup_window">
        <div style='text-align: right; color:red;cursor:pointer'>
        <a onfocus='this.blur();' onclick="document.getElementById('div_ft3.1').style.display = 'none' " >
           [x]</a>
        </div>
        <pre>
        
ft3.1: Traceback (most recent call last):
  File "C:\Users\ASUS\Desktop\rongda_digital\eastern_airlines\case\Home_Announcement\my_announcement_case.py", line 31, in test01query
    ele1 = etwait(self.driver, 10, 'xpath', '//*[@id="首页公告"]/li[2]/a')
  File "C:\Users\ASUS\Desktop\rongda_digital\eastern_airlines\util.py", line 18, in explicit_wait
    fele = WebDriverWait(driver, times).until(EC.visibility_of_element_located((method, value)))
  File "C:\Users\ASUS\Python\Python38\lib\site-packages\selenium\webdriver\support\wait.py", line 80, in until
    raise TimeoutException(message, screen, stacktrace)
selenium.common.exceptions.TimeoutException: Message: 

Traceback (most recent call last):
  File "C:\Users\ASUS\Desktop\rongda_digital\eastern_airlines\case\Home_Announcement\my_announcement_case.py", line 31, in test01query
    ele1 = etwait(self.driver, 10, 'xpath', '//*[@id="首页公告"]/li[2]/a')
  File "C:\Users\ASUS\Desktop\rongda_digital\eastern_airlines\util.py", line 18, in explicit_wait
    fele = WebDriverWait(driver, times).until(EC.visibility_of_element_located((method, value)))
  File "C:\Users\ASUS\Python\Python38\lib\site-packages\selenium\webdriver\support\wait.py", line 80, in until
    raise TimeoutException(message, screen, stacktrace)
selenium.common.exceptions.TimeoutException: Message: 



        </pre>
    </div>
    <!--css div popup end-->

    </td>
</tr>

<tr class='errorClass'>
    <td>case.Home_Announcement.view_announcement_case.ViewAnnouncement: 首页公告</td>
    <td>1</td>
    <td>0</td>
    <td>0</td>
    <td>1</td>
    <td><a href="javascript:showClassDetail('c4',1)">Detail</a></td>
</tr>

<tr id='ft4.1' class='none'>
    <td class='errorCase'><div class='testcase'>test01query: 查看公告</div></td>
    <td colspan='5' align='center'>

    <!--css div popup start-->
    <a class="popup_link" onfocus='this.blur();' href="javascript:showTestDetail('div_ft4.1')" >
        error</a>

    <div id='div_ft4.1' class="popup_window">
        <div style='text-align: right; color:red;cursor:pointer'>
        <a onfocus='this.blur();' onclick="document.getElementById('div_ft4.1').style.display = 'none' " >
           [x]</a>
        </div>
        <pre>
        
ft4.1: Traceback (most recent call last):
  File "C:\Users\ASUS\Desktop\rongda_digital\eastern_airlines\case\Home_Announcement\view_announcement_case.py", line 30, in test01query
    ele1 = etwait(self.driver, 10, 'xpath', '//*[@id="首页公告"]/li[1]/a')
  File "C:\Users\ASUS\Desktop\rongda_digital\eastern_airlines\util.py", line 18, in explicit_wait
    fele = WebDriverWait(driver, times).until(EC.visibility_of_element_located((method, value)))
  File "C:\Users\ASUS\Python\Python38\lib\site-packages\selenium\webdriver\support\wait.py", line 80, in until
    raise TimeoutException(message, screen, stacktrace)
selenium.common.exceptions.TimeoutException: Message: 

Traceback (most recent call last):
  File "C:\Users\ASUS\Desktop\rongda_digital\eastern_airlines\case\Home_Announcement\view_announcement_case.py", line 30, in test01query
    ele1 = etwait(self.driver, 10, 'xpath', '//*[@id="首页公告"]/li[1]/a')
  File "C:\Users\ASUS\Desktop\rongda_digital\eastern_airlines\util.py", line 18, in explicit_wait
    fele = WebDriverWait(driver, times).until(EC.visibility_of_element_located((method, value)))
  File "C:\Users\ASUS\Python\Python38\lib\site-packages\selenium\webdriver\support\wait.py", line 80, in until
    raise TimeoutException(message, screen, stacktrace)
selenium.common.exceptions.TimeoutException: Message: 



        </pre>
    </div>
    <!--css div popup end-->

    </td>
</tr>

<tr id='total_row'>
    <td>Total</td>
    <td>10</td>
    <td>3</td>
    <td>1</td>
    <td>6</td>
    <td>&nbsp;</td>
</tr>
</table>

<div id='ending'>&nbsp;</div>

</body>
</html>
